Connected
[0mGET / [36m304 [0m6.027 ms - -[0m
[0mGET /stylesheets/style.css [36m304 [0m1.997 ms - -[0m
[0mGET /javascripts/questions.js [36m304 [0m1.890 ms - -[0m
POST flavor route
{ flavor: 'rockyRoad' }
[0mPOST /flavors [32m200 [0m26.624 ms - 2[0m
[ { _id: 58dd91ef1240aa64ee6199cd,
    Flavor: 'chocolate',
    VoteCount: 0,
    __v: 0 },
  { _id: 58dd91ef1240aa64ee6199ce,
    Flavor: 'vanilla',
    VoteCount: 0,
    __v: 0 },
  { _id: 58dd91ef1240aa64ee6199cf,
    Flavor: 'rockyRoad',
    VoteCount: 2,
    __v: 0 },
  { _id: 58dd91ef1240aa64ee6199d0,
    Flavor: 'strawberry',
    VoteCount: 0,
    __v: 0 },
  { _id: 58dd91ef1240aa64ee6199d1,
    Flavor: 'other',
    VoteCount: 0,
    __v: 0 },
  { _id: 58dd91ef1240aa64ee6199d2,
    Flavor: 'total',
    VoteCount: 2,
    __v: 0 } ]
POST sports route
{ sport: 'volleyball' }
[0mPOST /sports [32m200 [0m2.188 ms - 2[0m
[ { _id: 58dd91ef1240aa64ee6199d3,
    Sport: 'basketball',
    VoteCount: 0,
    __v: 0 },
  { _id: 58dd91ef1240aa64ee6199d4,
    Sport: 'volleyball',
    VoteCount: 2,
    __v: 0 },
  { _id: 58dd91ef1240aa64ee6199d5,
    Sport: 'soccer',
    VoteCount: 0,
    __v: 0 },
  { _id: 58dd91ef1240aa64ee6199d6,
    Sport: 'football',
    VoteCount: 0,
    __v: 0 },
  { _id: 58dd91ef1240aa64ee6199d7,
    Sport: 'other',
    VoteCount: 0,
    __v: 0 },
  { _id: 58dd91ef1240aa64ee6199d8,
    Sport: 'total',
    VoteCount: 2,
    __v: 0 } ]
In the GET route?
[ { _id: 58dd91ef1240aa64ee6199cd,
    Flavor: 'chocolate',
    VoteCount: 0,
    __v: 0 },
  { _id: 58dd91ef1240aa64ee6199ce,
    Flavor: 'vanilla',
    VoteCount: 0,
    __v: 0 },
  { _id: 58dd91ef1240aa64ee6199cf,
    Flavor: 'rockyRoad',
    VoteCount: 2,
    __v: 0 },
  { _id: 58dd91ef1240aa64ee6199d0,
    Flavor: 'strawberry',
    VoteCount: 0,
    __v: 0 },
  { _id: 58dd91ef1240aa64ee6199d1,
    Flavor: 'other',
    VoteCount: 0,
    __v: 0 },
  { _id: 58dd91ef1240aa64ee6199d2,
    Flavor: 'total',
    VoteCount: 2,
    __v: 0 } ]
[0mGET /flavors [32m200 [0m20.623 ms - 460[0m
In the GET route for sports
In the GET route for siblings
[ { _id: 58dd91ef1240aa64ee6199d3,
    Sport: 'basketball',
    VoteCount: 0,
    __v: 0 },
  { _id: 58dd91ef1240aa64ee6199d4,
    Sport: 'volleyball',
    VoteCount: 2,
    __v: 0 },
  { _id: 58dd91ef1240aa64ee6199d5,
    Sport: 'soccer',
    VoteCount: 0,
    __v: 0 },
  { _id: 58dd91ef1240aa64ee6199d6,
    Sport: 'football',
    VoteCount: 0,
    __v: 0 },
  { _id: 58dd91ef1240aa64ee6199d7,
    Sport: 'other',
    VoteCount: 0,
    __v: 0 },
  { _id: 58dd91ef1240aa64ee6199d8,
    Sport: 'total',
    VoteCount: 2,
    __v: 0 } ]
[ { _id: 58dd91ef1240aa64ee6199d9,
    SiblingTotal: 0,
    VoteCount: 0,
    __v: 0 } ]
[0mGET /sports [32m200 [0m12.403 ms - 453[0m
[0mGET /siblings [36m304 [0m9.107 ms - -[0m
[0mGET / [36m304 [0m1.480 ms - -[0m
[0mGET /stylesheets/style.css [36m304 [0m0.773 ms - -[0m
[0mGET /javascripts/questions.js [36m304 [0m0.340 ms - -[0m
POST flavor route
{ flavor: 'vanilla' }
[0mPOST /flavors [32m200 [0m1.673 ms - 2[0m
[ { _id: 58dd91ef1240aa64ee6199cd,
    Flavor: 'chocolate',
    VoteCount: 0,
    __v: 0 },
  { _id: 58dd91ef1240aa64ee6199ce,
    Flavor: 'vanilla',
    VoteCount: 1,
    __v: 0 },
  { _id: 58dd91ef1240aa64ee6199cf,
    Flavor: 'rockyRoad',
    VoteCount: 2,
    __v: 0 },
  { _id: 58dd91ef1240aa64ee6199d0,
    Flavor: 'strawberry',
    VoteCount: 0,
    __v: 0 },
  { _id: 58dd91ef1240aa64ee6199d1,
    Flavor: 'other',
    VoteCount: 0,
    __v: 0 },
  { _id: 58dd91ef1240aa64ee6199d2,
    Flavor: 'total',
    VoteCount: 3,
    __v: 0 } ]
POST sports route
{ sport: 'basketball' }
[0mPOST /sports [32m200 [0m1.997 ms - 2[0m
[ { _id: 58dd91ef1240aa64ee6199d3,
    Sport: 'basketball',
    VoteCount: 1,
    __v: 0 },
  { _id: 58dd91ef1240aa64ee6199d4,
    Sport: 'volleyball',
    VoteCount: 2,
    __v: 0 },
  { _id: 58dd91ef1240aa64ee6199d5,
    Sport: 'soccer',
    VoteCount: 0,
    __v: 0 },
  { _id: 58dd91ef1240aa64ee6199d6,
    Sport: 'football',
    VoteCount: 0,
    __v: 0 },
  { _id: 58dd91ef1240aa64ee6199d7,
    Sport: 'other',
    VoteCount: 0,
    __v: 0 },
  { _id: 58dd91ef1240aa64ee6199d8,
    Sport: 'total',
    VoteCount: 3,
    __v: 0 } ]
In the GET route?
In the GET route for siblings
[ { _id: 58dd91ef1240aa64ee6199cd,
    Flavor: 'chocolate',
    VoteCount: 0,
    __v: 0 },
  { _id: 58dd91ef1240aa64ee6199ce,
    Flavor: 'vanilla',
    VoteCount: 1,
    __v: 0 },
  { _id: 58dd91ef1240aa64ee6199cf,
    Flavor: 'rockyRoad',
    VoteCount: 2,
    __v: 0 },
  { _id: 58dd91ef1240aa64ee6199d0,
    Flavor: 'strawberry',
    VoteCount: 0,
    __v: 0 },
  { _id: 58dd91ef1240aa64ee6199d1,
    Flavor: 'other',
    VoteCount: 0,
    __v: 0 },
  { _id: 58dd91ef1240aa64ee6199d2,
    Flavor: 'total',
    VoteCount: 3,
    __v: 0 } ]
[ { _id: 58dd91ef1240aa64ee6199d9,
    SiblingTotal: 0,
    VoteCount: 0,
    __v: 0 } ]
[0mGET /flavors [32m200 [0m8.334 ms - 460[0m
[0mGET /siblings [36m304 [0m7.875 ms - -[0m
In the GET route for sports
[ { _id: 58dd91ef1240aa64ee6199d3,
    Sport: 'basketball',
    VoteCount: 1,
    __v: 0 },
  { _id: 58dd91ef1240aa64ee6199d4,
    Sport: 'volleyball',
    VoteCount: 2,
    __v: 0 },
  { _id: 58dd91ef1240aa64ee6199d5,
    Sport: 'soccer',
    VoteCount: 0,
    __v: 0 },
  { _id: 58dd91ef1240aa64ee6199d6,
    Sport: 'football',
    VoteCount: 0,
    __v: 0 },
  { _id: 58dd91ef1240aa64ee6199d7,
    Sport: 'other',
    VoteCount: 0,
    __v: 0 },
  { _id: 58dd91ef1240aa64ee6199d8,
    Sport: 'total',
    VoteCount: 3,
    __v: 0 } ]
[0mGET /sports [32m200 [0m8.833 ms - 453[0m
[0mGET / [32m200 [0m2.910 ms - 4842[0m
[0mGET /stylesheets/style.css [32m200 [0m1.248 ms - 1381[0m
[0mGET /javascripts/questions.js [32m200 [0m0.488 ms - 4144[0m
[0mGET /favicon.ico [33m404 [0m8.052 ms - 1731[0m
POST flavor route
{ flavor: 'vanilla' }
[0mPOST /flavors [32m200 [0m1.673 ms - 2[0m
[ { _id: 58dd91ef1240aa64ee6199cd,
    Flavor: 'chocolate',
    VoteCount: 0,
    __v: 0 },
  { _id: 58dd91ef1240aa64ee6199ce,
    Flavor: 'vanilla',
    VoteCount: 2,
    __v: 0 },
  { _id: 58dd91ef1240aa64ee6199cf,
    Flavor: 'rockyRoad',
    VoteCount: 2,
    __v: 0 },
  { _id: 58dd91ef1240aa64ee6199d0,
    Flavor: 'strawberry',
    VoteCount: 0,
    __v: 0 },
  { _id: 58dd91ef1240aa64ee6199d1,
    Flavor: 'other',
    VoteCount: 0,
    __v: 0 },
  { _id: 58dd91ef1240aa64ee6199d2,
    Flavor: 'total',
    VoteCount: 4,
    __v: 0 } ]
POST sports route
{ sport: 'other' }
[0mPOST /sports [32m200 [0m1.400 ms - 2[0m
[ { _id: 58dd91ef1240aa64ee6199d3,
    Sport: 'basketball',
    VoteCount: 1,
    __v: 0 },
  { _id: 58dd91ef1240aa64ee6199d4,
    Sport: 'volleyball',
    VoteCount: 2,
    __v: 0 },
  { _id: 58dd91ef1240aa64ee6199d5,
    Sport: 'soccer',
    VoteCount: 0,
    __v: 0 },
  { _id: 58dd91ef1240aa64ee6199d6,
    Sport: 'football',
    VoteCount: 0,
    __v: 0 },
  { _id: 58dd91ef1240aa64ee6199d7,
    Sport: 'other',
    VoteCount: 1,
    __v: 0 },
  { _id: 58dd91ef1240aa64ee6199d8,
    Sport: 'total',
    VoteCount: 4,
    __v: 0 } ]
In the GET route?
In the GET route for sports
[ { _id: 58dd91ef1240aa64ee6199cd,
    Flavor: 'chocolate',
    VoteCount: 0,
    __v: 0 },
  { _id: 58dd91ef1240aa64ee6199ce,
    Flavor: 'vanilla',
    VoteCount: 2,
    __v: 0 },
  { _id: 58dd91ef1240aa64ee6199cf,
    Flavor: 'rockyRoad',
    VoteCount: 2,
    __v: 0 },
  { _id: 58dd91ef1240aa64ee6199d0,
    Flavor: 'strawberry',
    VoteCount: 0,
    __v: 0 },
  { _id: 58dd91ef1240aa64ee6199d1,
    Flavor: 'other',
    VoteCount: 0,
    __v: 0 },
  { _id: 58dd91ef1240aa64ee6199d2,
    Flavor: 'total',
    VoteCount: 4,
    __v: 0 } ]
[ { _id: 58dd91ef1240aa64ee6199d3,
    Sport: 'basketball',
    VoteCount: 1,
    __v: 0 },
  { _id: 58dd91ef1240aa64ee6199d4,
    Sport: 'volleyball',
    VoteCount: 2,
    __v: 0 },
  { _id: 58dd91ef1240aa64ee6199d5,
    Sport: 'soccer',
    VoteCount: 0,
    __v: 0 },
  { _id: 58dd91ef1240aa64ee6199d6,
    Sport: 'football',
    VoteCount: 0,
    __v: 0 },
  { _id: 58dd91ef1240aa64ee6199d7,
    Sport: 'other',
    VoteCount: 1,
    __v: 0 },
  { _id: 58dd91ef1240aa64ee6199d8,
    Sport: 'total',
    VoteCount: 4,
    __v: 0 } ]
[0mGET /flavors [32m200 [0m4.347 ms - 460[0m
[0mGET /sports [32m200 [0m5.108 ms - 453[0m
In the GET route for siblings
[ { _id: 58dd91ef1240aa64ee6199d9,
    SiblingTotal: 0,
    VoteCount: 0,
    __v: 0 } ]
[0mGET /siblings [32m200 [0m5.678 ms - 75[0m
